<?xml version="1.0" encoding="UTF-8"?>
<!-- Generated by org.testng.reporters.JUnitXMLReporter -->
<testsuite hostname="syed-VAIO" name="Validating Login Data" tests="3" failures="0" timestamp="6 Nov 2017 15:43:54 GMT" time="55.535" errors="0">
  <testcase name="HomepageNavg" time="22.881" classname="Academy.Homepage"/>
  <testcase name="HomepageNavg" time="14.934" classname="Academy.Homepage"/>
  <testcase name="HomepageNavg" time="14.046" classname="Academy.Homepage"/>
</testsuite> <!-- Validating Login Data -->
