<?xml version="1.0" encoding="UTF-8"?>
<!-- Generated by org.testng.reporters.JUnitXMLReporter -->
<testsuite hostname="syed-VAIO" name="Validating Login Data" tests="3" failures="0" timestamp="2 Dec 2017 14:07:33 GMT" time="69.284" errors="0">
  <testcase name="HomepageNavg" time="23.608" classname="Academy.Homepage"/>
  <testcase name="HomepageNavg" time="18.381" classname="Academy.Homepage"/>
  <testcase name="HomepageNavg" time="18.245" classname="Academy.Homepage"/>
</testsuite> <!-- Validating Login Data -->
