<?xml version="1.0" encoding="UTF-8"?>
<!-- Generated by org.testng.reporters.JUnitXMLReporter -->
<testsuite hostname="syed-VAIO" name="Validating Title" tests="1" failures="1" timestamp="6 Nov 2017 15:42:42 GMT" time="19.696" errors="0">
  <testcase name="validateTitle" time="0.184" classname="Academy.ValidateData">
    <failure type="junit.framework.ComparisonFailure" message="expected:&amp;lt;...&amp;gt; but was:&amp;lt;... 123&amp;gt;">
      <![CDATA[junit.framework.ComparisonFailure: expected:<...> but was:<... 123>
	at junit.framework.Assert.assertEquals(Assert.java:81)
	at junit.framework.Assert.assertEquals(Assert.java:87)
	at Academy.ValidateData.validateTitle(ValidateData.java:34)
... Removed 24 stack frames]]>
    </failure>
  </testcase> <!-- validateTitle -->
</testsuite> <!-- Validating Title -->
