<?xml version="1.0" encoding="UTF-8"?>
<testng-results skipped="0" failed="0" total="1" passed="1">
  <reporter-output>
  </reporter-output>
  <suite name="Default suite" duration-ms="22951" started-at="2017-12-02T14:28:13Z" finished-at="2017-12-02T14:28:36Z">
    <groups>
    </groups>
    <test name="Default test" duration-ms="22951" started-at="2017-12-02T14:28:13Z" finished-at="2017-12-02T14:28:36Z">
      <class name="Academy.NavigationBar">
        <test-method status="PASS" signature="initializeBrowser()[pri:0, instance:Academy.NavigationBar@7fa98a66]" name="initializeBrowser" is-config="true" duration-ms="22178" started-at="2017-12-02T08:28:13Z" finished-at="2017-12-02T08:28:35Z">
          <reporter-output>
          </reporter-output>
        </test-method> <!-- initializeBrowser -->
        <test-method status="PASS" signature="validateNvBar()[pri:0, instance:Academy.NavigationBar@7fa98a66]" name="validateNvBar" duration-ms="392" started-at="2017-12-02T08:28:35Z" finished-at="2017-12-02T08:28:36Z">
          <reporter-output>
          </reporter-output>
        </test-method> <!-- validateNvBar -->
        <test-method status="PASS" signature="teardown()[pri:0, instance:Academy.NavigationBar@7fa98a66]" name="teardown" is-config="true" duration-ms="340" started-at="2017-12-02T08:28:36Z" finished-at="2017-12-02T08:28:36Z">
          <reporter-output>
          </reporter-output>
        </test-method> <!-- teardown -->
      </class> <!-- Academy.NavigationBar -->
    </test> <!-- Default test -->
  </suite> <!-- Default suite -->
</testng-results>
