<?xml version="1.0" encoding="UTF-8"?>
<testng-results skipped="0" failed="0" total="3" passed="3">
  <reporter-output>
  </reporter-output>
  <suite name="Default suite" duration-ms="85626" started-at="2017-12-02T00:53:07Z" finished-at="2017-12-02T00:54:32Z">
    <groups>
    </groups>
    <test name="Default test" duration-ms="85626" started-at="2017-12-02T00:53:07Z" finished-at="2017-12-02T00:54:32Z">
      <class name="Academy.Homepage">
        <test-method status="PASS" signature="initializeBrowser()[pri:0, instance:Academy.Homepage@6aba2b86]" name="initializeBrowser" is-config="true" duration-ms="18148" started-at="2017-12-01T18:53:07Z" finished-at="2017-12-01T18:53:25Z">
          <reporter-output>
          </reporter-output>
        </test-method> <!-- initializeBrowser -->
        <test-method status="PASS" signature="HomepageNavg(java.lang.String, java.lang.String)[pri:0, instance:Academy.Homepage@6aba2b86]" name="HomepageNavg" duration-ms="29879" started-at="2017-12-01T18:53:25Z" data-provider="getData" finished-at="2017-12-01T18:53:55Z">
          <params>
            <param index="0">
              <value>
                <![CDATA[sefse@few.com]]>
              </value>
            </param>
            <param index="1">
              <value>
                <![CDATA[drw]]>
              </value>
            </param>
          </params>
          <reporter-output>
          </reporter-output>
        </test-method> <!-- HomepageNavg -->
        <test-method status="PASS" signature="HomepageNavg(java.lang.String, java.lang.String)[pri:0, instance:Academy.Homepage@6aba2b86]" name="HomepageNavg" duration-ms="18499" started-at="2017-12-01T18:53:55Z" data-provider="getData" finished-at="2017-12-01T18:54:13Z">
          <params>
            <param index="0">
              <value>
                <![CDATA[drte@dwt.com]]>
              </value>
            </param>
            <param index="1">
              <value>
                <![CDATA[ewrt]]>
              </value>
            </param>
          </params>
          <reporter-output>
          </reporter-output>
        </test-method> <!-- HomepageNavg -->
        <test-method status="PASS" signature="HomepageNavg(java.lang.String, java.lang.String)[pri:0, instance:Academy.Homepage@6aba2b86]" name="HomepageNavg" duration-ms="18609" started-at="2017-12-01T18:54:13Z" data-provider="getData" finished-at="2017-12-01T18:54:32Z">
          <params>
            <param index="0">
              <value>
                <![CDATA[dwrw@fet.com]]>
              </value>
            </param>
            <param index="1">
              <value>
                <![CDATA[efwwe]]>
              </value>
            </param>
          </params>
          <reporter-output>
          </reporter-output>
        </test-method> <!-- HomepageNavg -->
        <test-method status="PASS" signature="teardown()[pri:0, instance:Academy.Homepage@6aba2b86]" name="teardown" is-config="true" duration-ms="411" started-at="2017-12-01T18:54:32Z" finished-at="2017-12-01T18:54:32Z">
          <reporter-output>
          </reporter-output>
        </test-method> <!-- teardown -->
      </class> <!-- Academy.Homepage -->
    </test> <!-- Default test -->
  </suite> <!-- Default suite -->
</testng-results>
